lifeSaver/build/outputs/logs/manifest-merger-debug-report.txt
-- Merging decision tree log ---
manifest
ADDED from AndroidManifest.xml:2:1
	xmlns:android
		ADDED from AndroidManifest.xml:2:11
	package
		ADDED from AndroidManifest.xml:3:11
		INJECTED from AndroidManifest.xml:0:0
		INJECTED from AndroidManifest.xml:0:0
	android:versionName
		ADDED from AndroidManifest.xml:5:11
	android:versionCode
		ADDED from AndroidManifest.xml:4:11
		INJECTED from AndroidManifest.xml:0:0
		INJECTED from AndroidManifest.xml:0:0
supports-screens
ADDED from AndroidManifest.xml:7:2
	android:resizeable
		ADDED from AndroidManifest.xml:7:20
	android:largeScreens
		ADDED from AndroidManifest.xml:10:23
	android:anyDensity
		ADDED from AndroidManifest.xml:11:23
	android:normalScreens
		ADDED from AndroidManifest.xml:9:23
	android:smallScreens
		ADDED from AndroidManifest.xml:8:23
application
ADDED from AndroidManifest.xml:14:5
	android:label
		ADDED from AndroidManifest.xml:16:9
	android:allowBackup
		ADDED from AndroidManifest.xml:15:9
	android:icon
		ADDED from AndroidManifest.xml:17:9
	android:theme
		ADDED from AndroidManifest.xml:18:9
activity#app.ai.lifesaver.MenuActivity
ADDED from AndroidManifest.xml:20:9
	android:screenOrientation
		ADDED from AndroidManifest.xml:22:16
	android:label
		ADDED from AndroidManifest.xml:21:16
	android:name
		ADDED from AndroidManifest.xml:20:19
intent-filter#android.intent.action.MAIN+android.intent.category.LAUNCHER
ADDED from AndroidManifest.xml:23:13
action#android.intent.action.MAIN
ADDED from AndroidManifest.xml:24:17
	android:name
		ADDED from AndroidManifest.xml:24:25
category#android.intent.category.LAUNCHER
ADDED from AndroidManifest.xml:25:17
	android:name
		ADDED from AndroidManifest.xml:25:27
activity#app.ai.lifesaver.CheckCamView
ADDED from AndroidManifest.xml:29:9
	android:screenOrientation
		ADDED from AndroidManifest.xml:31:19
	android:label
		ADDED from AndroidManifest.xml:30:19
	android:configChanges
		ADDED from AndroidManifest.xml:32:19
	android:name
		ADDED from AndroidManifest.xml:29:19
activity#app.ai.lifesaver.TrainingActivity
ADDED from AndroidManifest.xml:34:9
	android:screenOrientation
		ADDED from AndroidManifest.xml:36:13
	android:label
		ADDED from AndroidManifest.xml:35:13
	android:configChanges
		ADDED from AndroidManifest.xml:37:13
	android:name
		ADDED from AndroidManifest.xml:34:19
uses-sdk
ADDED from AndroidManifest.xml:42:5
MERGED from lifeSaver:openCVLibrary249:unspecified:7:5
	android:targetSdkVersion
		INJECTED from AndroidManifest.xml:0:0
		INJECTED from AndroidManifest.xml:0:0
	android:minSdkVersion
		ADDED from AndroidManifest.xml:42:15
		INJECTED from AndroidManifest.xml:0:0
		INJECTED from AndroidManifest.xml:0:0
uses-permission#android.permission.CAMERA
ADDED from AndroidManifest.xml:44:5
	android:name
		ADDED from AndroidManifest.xml:44:22
uses-feature#android.hardware.camera
ADDED from AndroidManifest.xml:46:5
	android:required
		ADDED from AndroidManifest.xml:46:58
	android:name
		ADDED from AndroidManifest.xml:46:19
uses-feature#android.hardware.camera.autofocus
ADDED from AndroidManifest.xml:47:5
	android:required
		ADDED from AndroidManifest.xml:47:68
	android:name
		ADDED from AndroidManifest.xml:47:19
uses-feature#android.hardware.camera.front
ADDED from AndroidManifest.xml:48:5
	android:required
		ADDED from AndroidManifest.xml:48:64
	android:name
		ADDED from AndroidManifest.xml:48:19
uses-feature#android.hardware.camera.front.autofocus
ADDED from AndroidManifest.xml:49:5
	android:required
		ADDED from AndroidManifest.xml:49:74
	android:name
		ADDED from AndroidManifest.xml:49:19